<?xml version="1.0" encoding="UTF-8"?>
<testng-results ignored="0" total="1" passed="1" failed="0" skipped="0">
  <reporter-output>
  </reporter-output>
  <suite started-at="2025-06-22T11:52:04 CST" name="Default suite" finished-at="2025-06-22T11:52:10 CST" duration-ms="6582">
    <groups>
    </groups>
    <test started-at="2025-06-22T11:52:04 CST" name="Default test" finished-at="2025-06-22T11:52:10 CST" duration-ms="6582">
      <class name="Tests.CheckoutTest">
        <test-method is-config="true" signature="setup()[pri:0, instance:Tests.CheckoutTest@59505b48]" started-at="2025-06-22T11:52:04 CST" name="setup" finished-at="2025-06-22T11:52:09 CST" duration-ms="4967" status="PASS">
          <reporter-output>
          </reporter-output>
        </test-method> <!-- setup -->
        <test-method signature="testFlujoCheckout()[pri:0, instance:Tests.CheckoutTest@59505b48]" started-at="2025-06-22T11:52:09 CST" name="testFlujoCheckout" finished-at="2025-06-22T11:52:10 CST" duration-ms="1267" status="PASS">
          <reporter-output>
          </reporter-output>
        </test-method> <!-- testFlujoCheckout -->
        <test-method is-config="true" signature="tearDown()[pri:0, instance:Tests.CheckoutTest@59505b48]" started-at="2025-06-22T11:52:10 CST" name="tearDown" finished-at="2025-06-22T11:52:10 CST" duration-ms="290" status="PASS">
          <reporter-output>
          </reporter-output>
        </test-method> <!-- tearDown -->
      </class> <!-- Tests.CheckoutTest -->
    </test> <!-- Default test -->
  </suite> <!-- Default suite -->
</testng-results>
