<?xml version="1.0" encoding="UTF-8"?>
<testng-results ignored="0" total="1" passed="1" failed="0" skipped="0">
  <reporter-output>
  </reporter-output>
  <suite started-at="2025-06-22T19:56:17 CST" name="Default suite" finished-at="2025-06-22T19:56:19 CST" duration-ms="2228">
    <groups>
    </groups>
    <test started-at="2025-06-22T19:56:17 CST" name="Default test" finished-at="2025-06-22T19:56:19 CST" duration-ms="2228">
      <class name="com.automation.selenium.tests.PruebaApi">
        <test-method signature="testGetUsers()[pri:0, instance:com.automation.selenium.tests.PruebaApi@72e5a8e]" started-at="2025-06-22T19:56:17 CST" name="testGetUsers" finished-at="2025-06-22T19:56:19 CST" duration-ms="2181" status="PASS">
          <reporter-output>
          </reporter-output>
        </test-method> <!-- testGetUsers -->
      </class> <!-- com.automation.selenium.tests.PruebaApi -->
    </test> <!-- Default test -->
  </suite> <!-- Default suite -->
</testng-results>
